<?xml version="1.0" encoding="UTF-8"?>
<!-- Generated by org.testng.reporters.JUnitXMLReporter -->
<testsuite hostname="DESKTOP-M3J39LL" ignored="0" name="TEST_LOGIN" tests="3" failures="0" timestamp="28 Mar 2019 12:39:21 GMT" time="74.814" errors="0">
  <testcase name="testBentchairLogin" time="12.513" classname="BCW_Login.bentchairLogin"/>
  <testcase name="testFacebookLogin" time="26.603" classname="BCW_Login.facebookLogin"/>
  <testcase name="testGoogleLogin" time="24.569" classname="BCW_Login.googleLogin"/>
</testsuite> <!-- TEST_LOGIN -->
