<?xml version="1.0" encoding="UTF-8"?>
<!-- Generated by org.testng.reporters.JUnitXMLReporter -->
<testsuite hostname="DESKTOP-M3J39LL" ignored="0" name="TEST_BentStudio" tests="13" failures="0" timestamp="07 Aug 2019 12:00:16 GMT" time="251.274" errors="0">
  <testcase name="testDelhi" time="15.098" classname="BCW_BentStudio.Delhi"/>
  <testcase name="testGurugram" time="16.246" classname="BCW_BentStudio.Gurugram"/>
  <testcase name="testHyderabad" time="14.648" classname="BCW_BentStudio.Hyderabad"/>
  <testcase name="testMumbai" time="16.682" classname="BCW_BentStudio.Mumbai"/>
  <testcase name="testCorporateOfficeDelhi" time="13.057" classname="BCW_BentStudio.CorporateOfficeDelhi"/>
  <testcase name="testChina" time="15.071" classname="BCW_BentStudio.China"/>
  <testcase name="testAgra" time="16.177" classname="BCW_BentStudio.Agra"/>
  <testcase name="testBengaluru" time="16.475" classname="BCW_BentStudio.Bengaluru"/>
  <testcase name="testVadodara" time="15.657" classname="BCW_BentStudio.Vadodara"/>
  <testcase name="testRaipur" time="16.303" classname="BCW_BentStudio.Raipur"/>
  <testcase name="testTirupati" time="15.419" classname="BCW_BentStudio.Tirupati"/>
  <testcase name="testChennai" time="15.026" classname="BCW_BentStudio.Chennai"/>
  <testcase name="testFlagshipDelhi" time="20.192" classname="BCW_BentStudio.FlagshipDelhi"/>
</testsuite> <!-- TEST_BentStudio -->
