<?xml version="1.0" encoding="UTF-8"?>
<!-- Generated by org.testng.reporters.JUnitXMLReporter -->
<testsuite hostname="DESKTOP-M3J39LL" ignored="0" name="TEST_PartnerWithUs" tests="3" failures="0" timestamp="28 Mar 2019 13:47:57 GMT" time="80.072" errors="0">
  <testcase name="testFranchise" time="37.039" classname="BCW_PartnerWithUs.Franchise"/>
  <testcase name="testAffiliate" time="15.061" classname="BCW_PartnerWithUs.Affiliate"/>
  <testcase name="testSeller" time="16.235" classname="BCW_PartnerWithUs.Seller"/>
</testsuite> <!-- TEST_PartnerWithUs -->
